2025-04-09 15:37:01,949 INFO: Distance to 67d8a48a4b7fe702c9a00fb4: 0.7484217930905145 [in E:\face-recognition-attendance-system\face-recognition\face_recognition_server.py:248]
2025-04-09 15:37:02,001 INFO: Checking student 67d8a4c44b7fe702c9a00fe4 (pabitra) with 1 encodings [in E:\face-recognition-attendance-system\face-recognition\face_recognition_server.py:243]
2025-04-09 15:37:02,002 INFO: Distance to 67d8a4c44b7fe702c9a00fe4: 0.6445949083591875 [in E:\face-recognition-attendance-system\face-recognition\face_recognition_server.py:248]
2025-04-09 15:37:02,007 INFO: Checking student 67d8abce4b7fe702c9a01042 (Aniket Subudhi) with 1 encodings [in E:\face-recognition-attendance-system\face-recognition\face_recognition_server.py:243]
2025-04-09 15:37:02,025 INFO: Distance to 67d8abce4b7fe702c9a01042: 0.73228295978398 [in E:\face-recognition-attendance-system\face-recognition\face_recognition_server.py:248]
2025-04-09 15:37:02,026 INFO: Checking student 67d8ac464b7fe702c9a010d5 (pabitra) with 1 encodings [in E:\face-recognition-attendance-system\face-recognition\face_recognition_server.py:243]
2025-04-09 15:37:02,027 INFO: Distance to 67d8ac464b7fe702c9a010d5: 0.6395827067494094 [in E:\face-recognition-attendance-system\face-recognition\face_recognition_server.py:248]
2025-04-09 15:37:02,028 INFO: Checking student 67d8bd41e1e87186825776c1 (Aniket Subudhi) with 1 encodings [in E:\face-recognition-attendance-system\face-recognition\face_recognition_server.py:243]
2025-04-09 15:37:02,029 INFO: Distance to 67d8bd41e1e87186825776c1: 0.7576887835152915 [in E:\face-recognition-attendance-system\face-recognition\face_recognition_server.py:248]
2025-04-09 15:37:02,030 INFO: Checking student 67d8bd59e1e87186825776c9 (pabitra) with 1 encodings [in E:\face-recognition-attendance-system\face-recognition\face_recognition_server.py:243]
2025-04-09 15:37:02,032 INFO: Distance to 67d8bd59e1e87186825776c9: 0.6273720427774832 [in E:\face-recognition-attendance-system\face-recognition\face_recognition_server.py:248]
2025-04-09 15:37:02,033 INFO: Checking student 67dc326e9369f1d18cad28df (Asutosh Parida) with 1 encodings [in E:\face-recognition-attendance-system\face-recognition\face_recognition_server.py:243]
2025-04-09 15:37:02,035 INFO: Distance to 67dc326e9369f1d18cad28df: 0.7492657240631373 [in E:\face-recognition-attendance-system\face-recognition\face_recognition_server.py:248]
2025-04-09 15:37:02,036 INFO: Checking student 67dc33cf583c2f36f5fe87fd (akash) with 1 encodings [in E:\face-recognition-attendance-system\face-recognition\face_recognition_server.py:243]
2025-04-09 15:37:02,037 INFO: Distance to 67dc33cf583c2f36f5fe87fd: 0.7407567960263219 [in E:\face-recognition-attendance-system\face-recognition\face_recognition_server.py:248]
2025-04-09 15:37:02,041 INFO: Checking student 67dd0fd84530f33a9ad47f78 (ananya) with 1 encodings [in E:\face-recognition-attendance-system\face-recognition\face_recognition_server.py:243]
2025-04-09 15:37:02,043 INFO: Distance to 67dd0fd84530f33a9ad47f78: 0.6762764785505346 [in E:\face-recognition-attendance-system\face-recognition\face_recognition_server.py:248]
2025-04-09 15:37:02,044 INFO: Checking student 67dd11044530f33a9ad47ff3 (suraj) with 1 encodings [in E:\face-recognition-attendance-system\face-recognition\face_recognition_server.py:243]
2025-04-09 15:37:02,046 INFO: Distance to 67dd11044530f33a9ad47ff3: 0.7285791553551081 [in E:\face-recognition-attendance-system\face-recognition\face_recognition_server.py:248]
2025-04-09 15:37:02,048 INFO: Checking student 67e01ed87b755dfa9de6765f (santosh) with 1 encodings [in E:\face-recognition-attendance-system\face-recognition\face_recognition_server.py:243]
2025-04-09 15:37:02,051 INFO: Distance to 67e01ed87b755dfa9de6765f: 0.6669092628135339 [in E:\face-recognition-attendance-system\face-recognition\face_recognition_server.py:248]
2025-04-09 15:37:02,052 INFO: Checking student 67e12ddcde6cb4f3411156e9 (Asutosh Parida) with 1 encodings [in E:\face-recognition-attendance-system\face-recognition\face_recognition_server.py:243]
2025-04-09 15:37:02,053 INFO: Distance to 67e12ddcde6cb4f3411156e9: 0.7370864724732175 [in E:\face-recognition-attendance-system\face-recognition\face_recognition_server.py:248]
2025-04-09 15:37:02,054 INFO: Checking student 67e12df9de6cb4f3411156f1 (suraj) with 1 encodings [in E:\face-recognition-attendance-system\face-recognition\face_recognition_server.py:243]
2025-04-09 15:37:02,059 INFO: Distance to 67e12df9de6cb4f3411156f1: 0.6713407457775245 [in E:\face-recognition-attendance-system\face-recognition\face_recognition_server.py:248]
2025-04-09 15:37:02,061 INFO: Checking student 67e12e3bde6cb4f34111570f (sujal) with 1 encodings [in E:\face-recognition-attendance-system\face-recognition\face_recognition_server.py:243]
2025-04-09 15:37:02,062 INFO: Distance to 67e12e3bde6cb4f34111570f: 0.6200335007988197 [in E:\face-recognition-attendance-system\face-recognition\face_recognition_server.py:248]
2025-04-09 15:37:02,063 INFO: Checking student 67e628eb35efd4b967eb4f34 (kamlesh) with 1 encodings [in E:\face-recognition-attendance-system\face-recognition\face_recognition_server.py:243]
2025-04-09 15:37:02,064 INFO: Distance to 67e628eb35efd4b967eb4f34: 0.6830728840518764 [in E:\face-recognition-attendance-system\face-recognition\face_recognition_server.py:248]
2025-04-09 15:37:02,065 INFO: Checking student 67e63a3d35efd4b967eb5062 (ashisp52335) with 1 encodings [in E:\face-recognition-attendance-system\face-recognition\face_recognition_server.py:243]
2025-04-09 15:37:02,067 INFO: Distance to 67e63a3d35efd4b967eb5062: 0.7589784339258417 [in E:\face-recognition-attendance-system\face-recognition\face_recognition_server.py:248]
2025-04-09 15:37:02,067 INFO: Checking student 67e63b3835efd4b967eb5095 (swarna maam) with 1 encodings [in E:\face-recognition-attendance-system\face-recognition\face_recognition_server.py:243]
2025-04-09 15:37:02,068 INFO: Distance to 67e63b3835efd4b967eb5095: 0.4694123816418462 [in E:\face-recognition-attendance-system\face-recognition\face_recognition_server.py:248]
2025-04-09 15:37:02,070 INFO: Checking student 67e8ea27bab1195884f3d3b4 (Ashu ) with 1 encodings [in E:\face-recognition-attendance-system\face-recognition\face_recognition_server.py:243]
2025-04-09 15:37:02,073 INFO: Distance to 67e8ea27bab1195884f3d3b4: 0.7113516319447669 [in E:\face-recognition-attendance-system\face-recognition\face_recognition_server.py:248]
2025-04-09 15:37:02,074 INFO: Checking student 67e8eafebab1195884f3d3e6 (OMM) with 1 encodings [in E:\face-recognition-attendance-system\face-recognition\face_recognition_server.py:243]
2025-04-09 15:37:02,075 INFO: Distance to 67e8eafebab1195884f3d3e6: 0.7197623956526814 [in E:\face-recognition-attendance-system\face-recognition\face_recognition_server.py:248]
2025-04-09 15:37:02,078 INFO: Checking student 67e8eb55bab1195884f3d40c (Shiv ) with 1 encodings [in E:\face-recognition-attendance-system\face-recognition\face_recognition_server.py:243]
2025-04-09 15:37:02,081 INFO: Distance to 67e8eb55bab1195884f3d40c: 0.7265574445813001 [in E:\face-recognition-attendance-system\face-recognition\face_recognition_server.py:248]
2025-04-09 15:37:02,082 INFO: Checking student 67e9a478f8e964c7d58af123 (SURAJ MOHANTY) with 1 encodings [in E:\face-recognition-attendance-system\face-recognition\face_recognition_server.py:243]
2025-04-09 15:37:02,083 INFO: Distance to 67e9a478f8e964c7d58af123: 0.7131218565419221 [in E:\face-recognition-attendance-system\face-recognition\face_recognition_server.py:248]
2025-04-09 15:37:02,084 INFO: Checking student 67f6467db0603cd7abe0418d (ananyaSA) with 1 encodings [in E:\face-recognition-attendance-system\face-recognition\face_recognition_server.py:243]
2025-04-09 15:37:02,086 INFO: Distance to 67f6467db0603cd7abe0418d: 0.6278606353899536 [in E:\face-recognition-attendance-system\face-recognition\face_recognition_server.py:248]
2025-04-09 15:37:02,089 INFO: Checking student 67f646adb0603cd7abe04195 (subhashree) with 1 encodings [in E:\face-recognition-attendance-system\face-recognition\face_recognition_server.py:243]
2025-04-09 15:37:02,092 INFO: Distance to 67f646adb0603cd7abe04195: 0.29014981179725824 [in E:\face-recognition-attendance-system\face-recognition\face_recognition_server.py:248]
2025-04-09 15:37:02,094 INFO: Removed temporary image: uploads\temp\temp_1744193220.jpg [in E:\face-recognition-attendance-system\face-recognition\face_recognition_server.py:262]
2025-04-09 15:37:02,096 INFO: Face recognized as subhashree with confidence 0.7098501882027417 [in E:\face-recognition-attendance-system\face-recognition\face_recognition_server.py:265]
2025-04-09 15:37:07,747 INFO: Status request: {'status': 'online', 'registered_students': 23, 'total_faces': 23, 'face_match_tolerance': 0.6} [in E:\face-recognition-attendance-system\face-recognition\face_recognition_server.py:354]
2025-04-09 15:37:07,772 INFO: Received recognition request [in E:\face-recognition-attendance-system\face-recognition\face_recognition_server.py:193]
2025-04-09 15:37:07,787 INFO: Saved image to uploads\temp\temp_1744193227.jpg [in E:\face-recognition-attendance-system\face-recognition\face_recognition_server.py:212]
2025-04-09 15:37:07,796 INFO: Processing image: uploads\temp\temp_1744193227.jpg [in E:\face-recognition-attendance-system\face-recognition\face_recognition_server.py:83]
2025-04-09 15:37:07,834 INFO: Image loaded, shape: (480, 640, 3) [in E:\face-recognition-attendance-system\face-recognition\face_recognition_server.py:89]
2025-04-09 15:37:08,662 WARNING: No faces found in uploads\temp\temp_1744193227.jpg [in E:\face-recognition-attendance-system\face-recognition\face_recognition_server.py:95]
2025-04-09 15:37:11,073 INFO: Status request: {'status': 'online', 'registered_students': 23, 'total_faces': 23, 'face_match_tolerance': 0.6} [in E:\face-recognition-attendance-system\face-recognition\face_recognition_server.py:354]
2025-04-09 15:37:11,106 INFO: Received recognition request [in E:\face-recognition-attendance-system\face-recognition\face_recognition_server.py:193]
2025-04-09 15:37:11,116 INFO: Saved image to uploads\temp\temp_1744193231.jpg [in E:\face-recognition-attendance-system\face-recognition\face_recognition_server.py:212]
2025-04-09 15:37:11,121 INFO: Processing image: uploads\temp\temp_1744193231.jpg [in E:\face-recognition-attendance-system\face-recognition\face_recognition_server.py:83]
2025-04-09 15:37:11,149 INFO: Image loaded, shape: (480, 640, 3) [in E:\face-recognition-attendance-system\face-recognition\face_recognition_server.py:89]
2025-04-09 15:37:11,847 WARNING: No faces found in uploads\temp\temp_1744193231.jpg [in E:\face-recognition-attendance-system\face-recognition\face_recognition_server.py:95]
2025-04-09 15:37:14,473 INFO: Status request: {'status': 'online', 'registered_students': 23, 'total_faces': 23, 'face_match_tolerance': 0.6} [in E:\face-recognition-attendance-system\face-recognition\face_recognition_server.py:354]
2025-04-09 15:37:14,498 INFO: Received recognition request [in E:\face-recognition-attendance-system\face-recognition\face_recognition_server.py:193]
2025-04-09 15:37:14,505 INFO: Saved image to uploads\temp\temp_1744193234.jpg [in E:\face-recognition-attendance-system\face-recognition\face_recognition_server.py:212]
2025-04-09 15:37:14,507 INFO: Processing image: uploads\temp\temp_1744193234.jpg [in E:\face-recognition-attendance-system\face-recognition\face_recognition_server.py:83]
2025-04-09 15:37:14,536 INFO: Image loaded, shape: (480, 640, 3) [in E:\face-recognition-attendance-system\face-recognition\face_recognition_server.py:89]
2025-04-09 15:37:16,305 INFO: Successfully extracted face encoding [in E:\face-recognition-attendance-system\face-recognition\face_recognition_server.py:113]
2025-04-09 15:37:16,305 INFO: Matching against 23 student records [in E:\face-recognition-attendance-system\face-recognition\face_recognition_server.py:241]
2025-04-09 15:37:16,306 INFO: Checking student 67d8a48a4b7fe702c9a00fb4 (swagat) with 1 encodings [in E:\face-recognition-attendance-system\face-recognition\face_recognition_server.py:243]
2025-04-09 15:37:16,307 INFO: Distance to 67d8a48a4b7fe702c9a00fb4: 0.645811116211877 [in E:\face-recognition-attendance-system\face-recognition\face_recognition_server.py:248]
2025-04-09 15:37:16,308 INFO: Checking student 67d8a4c44b7fe702c9a00fe4 (pabitra) with 1 encodings [in E:\face-recognition-attendance-system\face-recognition\face_recognition_server.py:243]
2025-04-09 15:37:16,309 INFO: Distance to 67d8a4c44b7fe702c9a00fe4: 0.6599564948482285 [in E:\face-recognition-attendance-system\face-recognition\face_recognition_server.py:248]
2025-04-09 15:37:16,311 INFO: Checking student 67d8abce4b7fe702c9a01042 (Aniket Subudhi) with 1 encodings [in E:\face-recognition-attendance-system\face-recognition\face_recognition_server.py:243]
2025-04-09 15:37:16,314 INFO: Distance to 67d8abce4b7fe702c9a01042: 0.65909269537393 [in E:\face-recognition-attendance-system\face-recognition\face_recognition_server.py:248]
2025-04-09 15:37:16,318 INFO: Checking student 67d8ac464b7fe702c9a010d5 (pabitra) with 1 encodings [in E:\face-recognition-attendance-system\face-recognition\face_recognition_server.py:243]
2025-04-09 15:37:16,320 INFO: Distance to 67d8ac464b7fe702c9a010d5: 0.6722456138944802 [in E:\face-recognition-attendance-system\face-recognition\face_recognition_server.py:248]
2025-04-09 15:37:16,323 INFO: Checking student 67d8bd41e1e87186825776c1 (Aniket Subudhi) with 1 encodings [in E:\face-recognition-attendance-system\face-recognition\face_recognition_server.py:243]
2025-04-09 15:37:16,324 INFO: Distance to 67d8bd41e1e87186825776c1: 0.649432312283122 [in E:\face-recognition-attendance-system\face-recognition\face_recognition_server.py:248]
2025-04-09 15:37:16,325 INFO: Checking student 67d8bd59e1e87186825776c9 (pabitra) with 1 encodings [in E:\face-recognition-attendance-system\face-recognition\face_recognition_server.py:243]
2025-04-09 15:37:16,327 INFO: Distance to 67d8bd59e1e87186825776c9: 0.6519210251295096 [in E:\face-recognition-attendance-system\face-recognition\face_recognition_server.py:248]
2025-04-09 15:37:16,330 INFO: Checking student 67dc326e9369f1d18cad28df (Asutosh Parida) with 1 encodings [in E:\face-recognition-attendance-system\face-recognition\face_recognition_server.py:243]
2025-04-09 15:37:16,331 INFO: Distance to 67dc326e9369f1d18cad28df: 0.41490036900738236 [in E:\face-recognition-attendance-system\face-recognition\face_recognition_server.py:248]
2025-04-09 15:37:16,333 INFO: Checking student 67dc33cf583c2f36f5fe87fd (akash) with 1 encodings [in E:\face-recognition-attendance-system\face-recognition\face_recognition_server.py:243]
2025-04-09 15:37:16,336 INFO: Distance to 67dc33cf583c2f36f5fe87fd: 0.6919648342143117 [in E:\face-recognition-attendance-system\face-recognition\face_recognition_server.py:248]
2025-04-09 15:37:16,337 INFO: Checking student 67dd0fd84530f33a9ad47f78 (ananya) with 1 encodings [in E:\face-recognition-attendance-system\face-recognition\face_recognition_server.py:243]
2025-04-09 15:37:16,338 INFO: Distance to 67dd0fd84530f33a9ad47f78: 0.7048211402511597 [in E:\face-recognition-attendance-system\face-recognition\face_recognition_server.py:248]
2025-04-09 15:37:16,339 INFO: Checking student 67dd11044530f33a9ad47ff3 (suraj) with 1 encodings [in E:\face-recognition-attendance-system\face-recognition\face_recognition_server.py:243]
2025-04-09 15:37:16,340 INFO: Distance to 67dd11044530f33a9ad47ff3: 0.6886702300866231 [in E:\face-recognition-attendance-system\face-recognition\face_recognition_server.py:248]
2025-04-09 15:37:16,342 INFO: Checking student 67e01ed87b755dfa9de6765f (santosh) with 1 encodings [in E:\face-recognition-attendance-system\face-recognition\face_recognition_server.py:243]
2025-04-09 15:37:16,343 INFO: Distance to 67e01ed87b755dfa9de6765f: 0.6872647489118173 [in E:\face-recognition-attendance-system\face-recognition\face_recognition_server.py:248]
2025-04-09 15:37:16,345 INFO: Checking student 67e12ddcde6cb4f3411156e9 (Asutosh Parida) with 1 encodings [in E:\face-recognition-attendance-system\face-recognition\face_recognition_server.py:243]
2025-04-09 15:37:16,346 INFO: Distance to 67e12ddcde6cb4f3411156e9: 0.414961386641938 [in E:\face-recognition-attendance-system\face-recognition\face_recognition_server.py:248]
2025-04-09 15:37:16,348 INFO: Checking student 67e12df9de6cb4f3411156f1 (suraj) with 1 encodings [in E:\face-recognition-attendance-system\face-recognition\face_recognition_server.py:243]
2025-04-09 15:37:16,350 INFO: Distance to 67e12df9de6cb4f3411156f1: 0.6449882269016393 [in E:\face-recognition-attendance-system\face-recognition\face_recognition_server.py:248]
2025-04-09 15:37:16,352 INFO: Checking student 67e12e3bde6cb4f34111570f (sujal) with 1 encodings [in E:\face-recognition-attendance-system\face-recognition\face_recognition_server.py:243]
2025-04-09 15:37:16,354 INFO: Distance to 67e12e3bde6cb4f34111570f: 0.6597625288562793 [in E:\face-recognition-attendance-system\face-recognition\face_recognition_server.py:248]
2025-04-09 15:37:16,355 INFO: Checking student 67e628eb35efd4b967eb4f34 (kamlesh) with 1 encodings [in E:\face-recognition-attendance-system\face-recognition\face_recognition_server.py:243]
2025-04-09 15:37:16,356 INFO: Distance to 67e628eb35efd4b967eb4f34: 0.6677610526464138 [in E:\face-recognition-attendance-system\face-recognition\face_recognition_server.py:248]
2025-04-09 15:37:16,357 INFO: Checking student 67e63a3d35efd4b967eb5062 (ashisp52335) with 1 encodings [in E:\face-recognition-attendance-system\face-recognition\face_recognition_server.py:243]
2025-04-09 15:37:16,359 INFO: Distance to 67e63a3d35efd4b967eb5062: 0.6367126305050903 [in E:\face-recognition-attendance-system\face-recognition\face_recognition_server.py:248]
2025-04-09 15:37:16,361 INFO: Checking student 67e63b3835efd4b967eb5095 (swarna maam) with 1 encodings [in E:\face-recognition-attendance-system\face-recognition\face_recognition_server.py:243]
2025-04-09 15:37:16,366 INFO: Distance to 67e63b3835efd4b967eb5095: 0.7389724779219015 [in E:\face-recognition-attendance-system\face-recognition\face_recognition_server.py:248]
2025-04-09 15:37:16,368 INFO: Checking student 67e8ea27bab1195884f3d3b4 (Ashu ) with 1 encodings [in E:\face-recognition-attendance-system\face-recognition\face_recognition_server.py:243]
2025-04-09 15:37:16,371 INFO: Distance to 67e8ea27bab1195884f3d3b4: 0.3703716795897559 [in E:\face-recognition-attendance-system\face-recognition\face_recognition_server.py:248]
2025-04-09 15:37:16,373 INFO: Checking student 67e8eafebab1195884f3d3e6 (OMM) with 1 encodings [in E:\face-recognition-attendance-system\face-recognition\face_recognition_server.py:243]
2025-04-09 15:37:16,375 INFO: Distance to 67e8eafebab1195884f3d3e6: 0.41496037633080596 [in E:\face-recognition-attendance-system\face-recognition\face_recognition_server.py:248]
2025-04-09 15:37:16,376 INFO: Checking student 67e8eb55bab1195884f3d40c (Shiv ) with 1 encodings [in E:\face-recognition-attendance-system\face-recognition\face_recognition_server.py:243]
2025-04-09 15:37:16,379 INFO: Distance to 67e8eb55bab1195884f3d40c: 0.4193236324938774 [in E:\face-recognition-attendance-system\face-recognition\face_recognition_server.py:248]
2025-04-09 15:37:16,381 INFO: Checking student 67e9a478f8e964c7d58af123 (SURAJ MOHANTY) with 1 encodings [in E:\face-recognition-attendance-system\face-recognition\face_recognition_server.py:243]
2025-04-09 15:37:16,383 INFO: Distance to 67e9a478f8e964c7d58af123: 0.44024515434400585 [in E:\face-recognition-attendance-system\face-recognition\face_recognition_server.py:248]
2025-04-09 15:37:16,385 INFO: Checking student 67f6467db0603cd7abe0418d (ananyaSA) with 1 encodings [in E:\face-recognition-attendance-system\face-recognition\face_recognition_server.py:243]
2025-04-09 15:37:16,388 INFO: Distance to 67f6467db0603cd7abe0418d: 0.6948229924729569 [in E:\face-recognition-attendance-system\face-recognition\face_recognition_server.py:248]
2025-04-09 15:37:16,388 INFO: Checking student 67f646adb0603cd7abe04195 (subhashree) with 1 encodings [in E:\face-recognition-attendance-system\face-recognition\face_recognition_server.py:243]
2025-04-09 15:37:16,391 INFO: Distance to 67f646adb0603cd7abe04195: 0.6400917095356471 [in E:\face-recognition-attendance-system\face-recognition\face_recognition_server.py:248]
2025-04-09 15:37:16,393 INFO: Removed temporary image: uploads\temp\temp_1744193234.jpg [in E:\face-recognition-attendance-system\face-recognition\face_recognition_server.py:262]
2025-04-09 15:37:16,396 INFO: Face recognized as Ashu  with confidence 0.6296283204102441 [in E:\face-recognition-attendance-system\face-recognition\face_recognition_server.py:265]
2025-04-09 15:44:44,904 INFO: Received registration request [in E:\face-recognition-attendance-system\face-recognition\face_recognition_server.py:124]
2025-04-09 15:44:44,919 INFO: Processing registration for student: swatilagas (ID: 67f64894b0603cd7abe041f8) [in E:\face-recognition-attendance-system\face-recognition\face_recognition_server.py:142]
2025-04-09 15:44:44,925 INFO: Saved image to uploads\faces\67f64894b0603cd7abe041f8_1744193684.jpg [in E:\face-recognition-attendance-system\face-recognition\face_recognition_server.py:152]
2025-04-09 15:44:44,929 INFO: Processing image: uploads\faces\67f64894b0603cd7abe041f8_1744193684.jpg [in E:\face-recognition-attendance-system\face-recognition\face_recognition_server.py:83]
2025-04-09 15:44:44,977 INFO: Image loaded, shape: (480, 640, 3) [in E:\face-recognition-attendance-system\face-recognition\face_recognition_server.py:89]
2025-04-09 15:44:46,311 INFO: Successfully extracted face encoding [in E:\face-recognition-attendance-system\face-recognition\face_recognition_server.py:113]
2025-04-09 15:44:46,312 INFO: Created new student entry with encoding for 67f64894b0603cd7abe041f8 [in E:\face-recognition-attendance-system\face-recognition\face_recognition_server.py:175]
2025-04-09 15:44:46,316 INFO: Saved 24 face encodings [in E:\face-recognition-attendance-system\face-recognition\face_recognition_server.py:72]
2025-04-09 15:45:19,209 INFO: Status request: {'status': 'online', 'registered_students': 24, 'total_faces': 24, 'face_match_tolerance': 0.6} [in E:\face-recognition-attendance-system\face-recognition\face_recognition_server.py:354]
2025-04-09 15:45:19,237 INFO: Received recognition request [in E:\face-recognition-attendance-system\face-recognition\face_recognition_server.py:193]
2025-04-09 15:45:19,241 INFO: Saved image to uploads\temp\temp_1744193719.jpg [in E:\face-recognition-attendance-system\face-recognition\face_recognition_server.py:212]
2025-04-09 15:45:19,244 INFO: Processing image: uploads\temp\temp_1744193719.jpg [in E:\face-recognition-attendance-system\face-recognition\face_recognition_server.py:83]
2025-04-09 15:45:19,276 INFO: Image loaded, shape: (480, 640, 3) [in E:\face-recognition-attendance-system\face-recognition\face_recognition_server.py:89]
2025-04-09 15:45:19,908 WARNING: No faces found in uploads\temp\temp_1744193719.jpg [in E:\face-recognition-attendance-system\face-recognition\face_recognition_server.py:95]
2025-04-09 15:45:22,295 INFO: Status request: {'status': 'online', 'registered_students': 24, 'total_faces': 24, 'face_match_tolerance': 0.6} [in E:\face-recognition-attendance-system\face-recognition\face_recognition_server.py:354]
2025-04-09 15:45:22,337 INFO: Received recognition request [in E:\face-recognition-attendance-system\face-recognition\face_recognition_server.py:193]
2025-04-09 15:45:22,343 INFO: Saved image to uploads\temp\temp_1744193722.jpg [in E:\face-recognition-attendance-system\face-recognition\face_recognition_server.py:212]
2025-04-09 15:45:22,346 INFO: Processing image: uploads\temp\temp_1744193722.jpg [in E:\face-recognition-attendance-system\face-recognition\face_recognition_server.py:83]
2025-04-09 15:45:22,362 INFO: Image loaded, shape: (480, 640, 3) [in E:\face-recognition-attendance-system\face-recognition\face_recognition_server.py:89]
2025-04-09 15:45:22,981 WARNING: No faces found in uploads\temp\temp_1744193722.jpg [in E:\face-recognition-attendance-system\face-recognition\face_recognition_server.py:95]
2025-04-09 15:45:25,487 INFO: Status request: {'status': 'online', 'registered_students': 24, 'total_faces': 24, 'face_match_tolerance': 0.6} [in E:\face-recognition-attendance-system\face-recognition\face_recognition_server.py:354]
2025-04-09 15:45:25,501 INFO: Received recognition request [in E:\face-recognition-attendance-system\face-recognition\face_recognition_server.py:193]
2025-04-09 15:45:25,509 INFO: Saved image to uploads\temp\temp_1744193725.jpg [in E:\face-recognition-attendance-system\face-recognition\face_recognition_server.py:212]
2025-04-09 15:45:25,510 INFO: Processing image: uploads\temp\temp_1744193725.jpg [in E:\face-recognition-attendance-system\face-recognition\face_recognition_server.py:83]
2025-04-09 15:45:25,538 INFO: Image loaded, shape: (480, 640, 3) [in E:\face-recognition-attendance-system\face-recognition\face_recognition_server.py:89]
2025-04-09 15:45:26,960 INFO: Successfully extracted face encoding [in E:\face-recognition-attendance-system\face-recognition\face_recognition_server.py:113]
2025-04-09 15:45:26,961 INFO: Matching against 24 student records [in E:\face-recognition-attendance-system\face-recognition\face_recognition_server.py:241]
2025-04-09 15:45:26,962 INFO: Checking student 67d8a48a4b7fe702c9a00fb4 (swagat) with 1 encodings [in E:\face-recognition-attendance-system\face-recognition\face_recognition_server.py:243]
2025-04-09 15:45:26,963 INFO: Distance to 67d8a48a4b7fe702c9a00fb4: 0.6832714932407417 [in E:\face-recognition-attendance-system\face-recognition\face_recognition_server.py:248]
2025-04-09 15:45:27,001 INFO: Checking student 67d8a4c44b7fe702c9a00fe4 (pabitra) with 1 encodings [in E:\face-recognition-attendance-system\face-recognition\face_recognition_server.py:243]
2025-04-09 15:45:27,003 INFO: Distance to 67d8a4c44b7fe702c9a00fe4: 0.662977469440066 [in E:\face-recognition-attendance-system\face-recognition\face_recognition_server.py:248]
2025-04-09 15:45:27,003 INFO: Checking student 67d8abce4b7fe702c9a01042 (Aniket Subudhi) with 1 encodings [in E:\face-recognition-attendance-system\face-recognition\face_recognition_server.py:243]
2025-04-09 15:45:27,005 INFO: Distance to 67d8abce4b7fe702c9a01042: 0.6782864398770674 [in E:\face-recognition-attendance-system\face-recognition\face_recognition_server.py:248]
2025-04-09 15:45:27,010 INFO: Checking student 67d8ac464b7fe702c9a010d5 (pabitra) with 1 encodings [in E:\face-recognition-attendance-system\face-recognition\face_recognition_server.py:243]
2025-04-09 15:45:27,011 INFO: Distance to 67d8ac464b7fe702c9a010d5: 0.6830239193547005 [in E:\face-recognition-attendance-system\face-recognition\face_recognition_server.py:248]
2025-04-09 15:45:27,012 INFO: Checking student 67d8bd41e1e87186825776c1 (Aniket Subudhi) with 1 encodings [in E:\face-recognition-attendance-system\face-recognition\face_recognition_server.py:243]
2025-04-09 15:45:27,014 INFO: Distance to 67d8bd41e1e87186825776c1: 0.6958792049440485 [in E:\face-recognition-attendance-system\face-recognition\face_recognition_server.py:248]
2025-04-09 15:45:27,014 INFO: Checking student 67d8bd59e1e87186825776c9 (pabitra) with 1 encodings [in E:\face-recognition-attendance-system\face-recognition\face_recognition_server.py:243]
2025-04-09 15:45:27,021 INFO: Distance to 67d8bd59e1e87186825776c9: 0.6670301117079163 [in E:\face-recognition-attendance-system\face-recognition\face_recognition_server.py:248]
2025-04-09 15:45:27,022 INFO: Checking student 67dc326e9369f1d18cad28df (Asutosh Parida) with 1 encodings [in E:\face-recognition-attendance-system\face-recognition\face_recognition_server.py:243]
2025-04-09 15:45:27,025 INFO: Distance to 67dc326e9369f1d18cad28df: 0.7130335400678974 [in E:\face-recognition-attendance-system\face-recognition\face_recognition_server.py:248]
2025-04-09 15:45:27,026 INFO: Checking student 67dc33cf583c2f36f5fe87fd (akash) with 1 encodings [in E:\face-recognition-attendance-system\face-recognition\face_recognition_server.py:243]
2025-04-09 15:45:27,027 INFO: Distance to 67dc33cf583c2f36f5fe87fd: 0.660764427519008 [in E:\face-recognition-attendance-system\face-recognition\face_recognition_server.py:248]
2025-04-09 15:45:27,028 INFO: Checking student 67dd0fd84530f33a9ad47f78 (ananya) with 1 encodings [in E:\face-recognition-attendance-system\face-recognition\face_recognition_server.py:243]
2025-04-09 15:45:27,029 INFO: Distance to 67dd0fd84530f33a9ad47f78: 0.6543513811477994 [in E:\face-recognition-attendance-system\face-recognition\face_recognition_server.py:248]
2025-04-09 15:45:27,030 INFO: Checking student 67dd11044530f33a9ad47ff3 (suraj) with 1 encodings [in E:\face-recognition-attendance-system\face-recognition\face_recognition_server.py:243]
2025-04-09 15:45:27,032 INFO: Distance to 67dd11044530f33a9ad47ff3: 0.6489216059488547 [in E:\face-recognition-attendance-system\face-recognition\face_recognition_server.py:248]
2025-04-09 15:45:27,035 INFO: Checking student 67e01ed87b755dfa9de6765f (santosh) with 1 encodings [in E:\face-recognition-attendance-system\face-recognition\face_recognition_server.py:243]
2025-04-09 15:45:27,036 INFO: Distance to 67e01ed87b755dfa9de6765f: 0.695450419885766 [in E:\face-recognition-attendance-system\face-recognition\face_recognition_server.py:248]
2025-04-09 15:45:27,037 INFO: Checking student 67e12ddcde6cb4f3411156e9 (Asutosh Parida) with 1 encodings [in E:\face-recognition-attendance-system\face-recognition\face_recognition_server.py:243]
2025-04-09 15:45:27,040 INFO: Distance to 67e12ddcde6cb4f3411156e9: 0.6865687485290224 [in E:\face-recognition-attendance-system\face-recognition\face_recognition_server.py:248]
2025-04-09 15:45:27,042 INFO: Checking student 67e12df9de6cb4f3411156f1 (suraj) with 1 encodings [in E:\face-recognition-attendance-system\face-recognition\face_recognition_server.py:243]
2025-04-09 15:45:27,044 INFO: Distance to 67e12df9de6cb4f3411156f1: 0.6216651387482922 [in E:\face-recognition-attendance-system\face-recognition\face_recognition_server.py:248]
2025-04-09 15:45:27,044 INFO: Checking student 67e12e3bde6cb4f34111570f (sujal) with 1 encodings [in E:\face-recognition-attendance-system\face-recognition\face_recognition_server.py:243]
2025-04-09 15:45:27,045 INFO: Distance to 67e12e3bde6cb4f34111570f: 0.5937191466092 [in E:\face-recognition-attendance-system\face-recognition\face_recognition_server.py:248]
2025-04-09 15:45:27,046 INFO: Checking student 67e628eb35efd4b967eb4f34 (kamlesh) with 1 encodings [in E:\face-recognition-attendance-system\face-recognition\face_recognition_server.py:243]
2025-04-09 15:45:27,047 INFO: Distance to 67e628eb35efd4b967eb4f34: 0.7663778408412673 [in E:\face-recognition-attendance-system\face-recognition\face_recognition_server.py:248]
2025-04-09 15:45:27,048 INFO: Checking student 67e63a3d35efd4b967eb5062 (ashisp52335) with 1 encodings [in E:\face-recognition-attendance-system\face-recognition\face_recognition_server.py:243]
2025-04-09 15:45:27,052 INFO: Distance to 67e63a3d35efd4b967eb5062: 0.741130806333076 [in E:\face-recognition-attendance-system\face-recognition\face_recognition_server.py:248]
2025-04-09 15:45:27,053 INFO: Checking student 67e63b3835efd4b967eb5095 (swarna maam) with 1 encodings [in E:\face-recognition-attendance-system\face-recognition\face_recognition_server.py:243]
2025-04-09 15:45:27,055 INFO: Distance to 67e63b3835efd4b967eb5095: 0.5283310326559044 [in E:\face-recognition-attendance-system\face-recognition\face_recognition_server.py:248]
2025-04-09 15:45:27,056 INFO: Checking student 67e8ea27bab1195884f3d3b4 (Ashu ) with 1 encodings [in E:\face-recognition-attendance-system\face-recognition\face_recognition_server.py:243]
2025-04-09 15:45:27,057 INFO: Distance to 67e8ea27bab1195884f3d3b4: 0.6842099565405539 [in E:\face-recognition-attendance-system\face-recognition\face_recognition_server.py:248]
2025-04-09 15:45:27,058 INFO: Checking student 67e8eafebab1195884f3d3e6 (OMM) with 1 encodings [in E:\face-recognition-attendance-system\face-recognition\face_recognition_server.py:243]
2025-04-09 15:45:27,059 INFO: Distance to 67e8eafebab1195884f3d3e6: 0.6964958649527763 [in E:\face-recognition-attendance-system\face-recognition\face_recognition_server.py:248]
2025-04-09 15:45:27,060 INFO: Checking student 67e8eb55bab1195884f3d40c (Shiv ) with 1 encodings [in E:\face-recognition-attendance-system\face-recognition\face_recognition_server.py:243]
2025-04-09 15:45:27,061 INFO: Distance to 67e8eb55bab1195884f3d40c: 0.6997209088276862 [in E:\face-recognition-attendance-system\face-recognition\face_recognition_server.py:248]
2025-04-09 15:45:27,062 INFO: Checking student 67e9a478f8e964c7d58af123 (SURAJ MOHANTY) with 1 encodings [in E:\face-recognition-attendance-system\face-recognition\face_recognition_server.py:243]
2025-04-09 15:45:27,063 INFO: Distance to 67e9a478f8e964c7d58af123: 0.6304177145341748 [in E:\face-recognition-attendance-system\face-recognition\face_recognition_server.py:248]
2025-04-09 15:45:27,064 INFO: Checking student 67f6467db0603cd7abe0418d (ananyaSA) with 1 encodings [in E:\face-recognition-attendance-system\face-recognition\face_recognition_server.py:243]
2025-04-09 15:45:27,065 INFO: Distance to 67f6467db0603cd7abe0418d: 0.5758396860379836 [in E:\face-recognition-attendance-system\face-recognition\face_recognition_server.py:248]
2025-04-09 15:45:27,069 INFO: Checking student 67f646adb0603cd7abe04195 (subhashree) with 1 encodings [in E:\face-recognition-attendance-system\face-recognition\face_recognition_server.py:243]
2025-04-09 15:45:27,072 INFO: Distance to 67f646adb0603cd7abe04195: 0.5338946283544859 [in E:\face-recognition-attendance-system\face-recognition\face_recognition_server.py:248]
2025-04-09 15:45:27,073 INFO: Checking student 67f64894b0603cd7abe041f8 (swatilagas) with 1 encodings [in E:\face-recognition-attendance-system\face-recognition\face_recognition_server.py:243]
2025-04-09 15:45:27,075 INFO: Distance to 67f64894b0603cd7abe041f8: 0.38336825408170433 [in E:\face-recognition-attendance-system\face-recognition\face_recognition_server.py:248]
2025-04-09 15:45:27,076 INFO: Removed temporary image: uploads\temp\temp_1744193725.jpg [in E:\face-recognition-attendance-system\face-recognition\face_recognition_server.py:262]
2025-04-09 15:45:27,077 INFO: Face recognized as swatilagas with confidence 0.6166317459182957 [in E:\face-recognition-attendance-system\face-recognition\face_recognition_server.py:265]
2025-04-09 15:45:32,641 INFO: Status request: {'status': 'online', 'registered_students': 24, 'total_faces': 24, 'face_match_tolerance': 0.6} [in E:\face-recognition-attendance-system\face-recognition\face_recognition_server.py:354]
2025-04-09 15:45:32,665 INFO: Received recognition request [in E:\face-recognition-attendance-system\face-recognition\face_recognition_server.py:193]
2025-04-09 15:45:32,674 INFO: Saved image to uploads\temp\temp_1744193732.jpg [in E:\face-recognition-attendance-system\face-recognition\face_recognition_server.py:212]
2025-04-09 15:45:32,678 INFO: Processing image: uploads\temp\temp_1744193732.jpg [in E:\face-recognition-attendance-system\face-recognition\face_recognition_server.py:83]
2025-04-09 15:45:32,701 INFO: Image loaded, shape: (480, 640, 3) [in E:\face-recognition-attendance-system\face-recognition\face_recognition_server.py:89]
2025-04-09 15:45:33,274 WARNING: Multiple faces found in uploads\temp\temp_1744193732.jpg, using the first one [in E:\face-recognition-attendance-system\face-recognition\face_recognition_server.py:99]
2025-04-09 15:45:35,493 INFO: Successfully extracted face encoding [in E:\face-recognition-attendance-system\face-recognition\face_recognition_server.py:113]
2025-04-09 15:45:35,494 INFO: Matching against 24 student records [in E:\face-recognition-attendance-system\face-recognition\face_recognition_server.py:241]
2025-04-09 15:45:35,495 INFO: Checking student 67d8a48a4b7fe702c9a00fb4 (swagat) with 1 encodings [in E:\face-recognition-attendance-system\face-recognition\face_recognition_server.py:243]
2025-04-09 15:45:35,496 INFO: Distance to 67d8a48a4b7fe702c9a00fb4: 0.6883806278637945 [in E:\face-recognition-attendance-system\face-recognition\face_recognition_server.py:248]
2025-04-09 15:45:35,497 INFO: Checking student 67d8a4c44b7fe702c9a00fe4 (pabitra) with 1 encodings [in E:\face-recognition-attendance-system\face-recognition\face_recognition_server.py:243]
2025-04-09 15:45:35,498 INFO: Distance to 67d8a4c44b7fe702c9a00fe4: 0.6727485019856237 [in E:\face-recognition-attendance-system\face-recognition\face_recognition_server.py:248]
2025-04-09 15:45:35,500 INFO: Checking student 67d8abce4b7fe702c9a01042 (Aniket Subudhi) with 1 encodings [in E:\face-recognition-attendance-system\face-recognition\face_recognition_server.py:243]
2025-04-09 15:45:35,502 INFO: Distance to 67d8abce4b7fe702c9a01042: 0.7094848122078229 [in E:\face-recognition-attendance-system\face-recognition\face_recognition_server.py:248]
2025-04-09 15:45:35,511 INFO: Checking student 67d8ac464b7fe702c9a010d5 (pabitra) with 1 encodings [in E:\face-recognition-attendance-system\face-recognition\face_recognition_server.py:243]
2025-04-09 15:45:35,514 INFO: Distance to 67d8ac464b7fe702c9a010d5: 0.6719789671193243 [in E:\face-recognition-attendance-system\face-recognition\face_recognition_server.py:248]
2025-04-09 15:45:35,516 INFO: Checking student 67d8bd41e1e87186825776c1 (Aniket Subudhi) with 1 encodings [in E:\face-recognition-attendance-system\face-recognition\face_recognition_server.py:243]
2025-04-09 15:45:35,517 INFO: Distance to 67d8bd41e1e87186825776c1: 0.7055709405268453 [in E:\face-recognition-attendance-system\face-recognition\face_recognition_server.py:248]
2025-04-09 15:45:35,519 INFO: Checking student 67d8bd59e1e87186825776c9 (pabitra) with 1 encodings [in E:\face-recognition-attendance-system\face-recognition\face_recognition_server.py:243]
2025-04-09 15:45:35,526 INFO: Distance to 67d8bd59e1e87186825776c9: 0.6678280160907618 [in E:\face-recognition-attendance-system\face-recognition\face_recognition_server.py:248]
2025-04-09 15:45:35,527 INFO: Checking student 67dc326e9369f1d18cad28df (Asutosh Parida) with 1 encodings [in E:\face-recognition-attendance-system\face-recognition\face_recognition_server.py:243]
2025-04-09 15:45:35,528 INFO: Distance to 67dc326e9369f1d18cad28df: 0.673227057451459 [in E:\face-recognition-attendance-system\face-recognition\face_recognition_server.py:248]
2025-04-09 15:45:35,529 INFO: Checking student 67dc33cf583c2f36f5fe87fd (akash) with 1 encodings [in E:\face-recognition-attendance-system\face-recognition\face_recognition_server.py:243]
2025-04-09 15:45:35,530 INFO: Distance to 67dc33cf583c2f36f5fe87fd: 0.674220715431197 [in E:\face-recognition-attendance-system\face-recognition\face_recognition_server.py:248]
2025-04-09 15:45:35,533 INFO: Checking student 67dd0fd84530f33a9ad47f78 (ananya) with 1 encodings [in E:\face-recognition-attendance-system\face-recognition\face_recognition_server.py:243]
2025-04-09 15:45:35,536 INFO: Distance to 67dd0fd84530f33a9ad47f78: 0.646561767820609 [in E:\face-recognition-attendance-system\face-recognition\face_recognition_server.py:248]
2025-04-09 15:45:35,542 INFO: Checking student 67dd11044530f33a9ad47ff3 (suraj) with 1 encodings [in E:\face-recognition-attendance-system\face-recognition\face_recognition_server.py:243]
2025-04-09 15:45:35,544 INFO: Distance to 67dd11044530f33a9ad47ff3: 0.5534602181266879 [in E:\face-recognition-attendance-system\face-recognition\face_recognition_server.py:248]
2025-04-09 15:45:35,545 INFO: Checking student 67e01ed87b755dfa9de6765f (santosh) with 1 encodings [in E:\face-recognition-attendance-system\face-recognition\face_recognition_server.py:243]
2025-04-09 15:45:35,546 INFO: Distance to 67e01ed87b755dfa9de6765f: 0.671955594502698 [in E:\face-recognition-attendance-system\face-recognition\face_recognition_server.py:248]
2025-04-09 15:45:35,546 INFO: Checking student 67e12ddcde6cb4f3411156e9 (Asutosh Parida) with 1 encodings [in E:\face-recognition-attendance-system\face-recognition\face_recognition_server.py:243]
2025-04-09 15:45:35,550 INFO: Distance to 67e12ddcde6cb4f3411156e9: 0.6453746498892987 [in E:\face-recognition-attendance-system\face-recognition\face_recognition_server.py:248]
2025-04-09 15:45:35,551 INFO: Checking student 67e12df9de6cb4f3411156f1 (suraj) with 1 encodings [in E:\face-recognition-attendance-system\face-recognition\face_recognition_server.py:243]
2025-04-09 15:45:35,552 INFO: Distance to 67e12df9de6cb4f3411156f1: 0.549630837581933 [in E:\face-recognition-attendance-system\face-recognition\face_recognition_server.py:248]
2025-04-09 15:45:35,557 INFO: Checking student 67e12e3bde6cb4f34111570f (sujal) with 1 encodings [in E:\face-recognition-attendance-system\face-recognition\face_recognition_server.py:243]
2025-04-09 15:45:35,561 INFO: Distance to 67e12e3bde6cb4f34111570f: 0.6198250843321682 [in E:\face-recognition-attendance-system\face-recognition\face_recognition_server.py:248]
2025-04-09 15:45:35,562 INFO: Checking student 67e628eb35efd4b967eb4f34 (kamlesh) with 1 encodings [in E:\face-recognition-attendance-system\face-recognition\face_recognition_server.py:243]
2025-04-09 15:45:35,563 INFO: Distance to 67e628eb35efd4b967eb4f34: 0.7361400677853677 [in E:\face-recognition-attendance-system\face-recognition\face_recognition_server.py:248]
2025-04-09 15:45:35,565 INFO: Checking student 67e63a3d35efd4b967eb5062 (ashisp52335) with 1 encodings [in E:\face-recognition-attendance-system\face-recognition\face_recognition_server.py:243]
2025-04-09 15:45:35,569 INFO: Distance to 67e63a3d35efd4b967eb5062: 0.6557667706493289 [in E:\face-recognition-attendance-system\face-recognition\face_recognition_server.py:248]
2025-04-09 15:45:35,574 INFO: Checking student 67e63b3835efd4b967eb5095 (swarna maam) with 1 encodings [in E:\face-recognition-attendance-system\face-recognition\face_recognition_server.py:243]
2025-04-09 15:45:35,575 INFO: Distance to 67e63b3835efd4b967eb5095: 0.530565563259255 [in E:\face-recognition-attendance-system\face-recognition\face_recognition_server.py:248]
2025-04-09 15:45:35,577 INFO: Checking student 67e8ea27bab1195884f3d3b4 (Ashu ) with 1 encodings [in E:\face-recognition-attendance-system\face-recognition\face_recognition_server.py:243]
2025-04-09 15:45:35,578 INFO: Distance to 67e8ea27bab1195884f3d3b4: 0.6731574653157407 [in E:\face-recognition-attendance-system\face-recognition\face_recognition_server.py:248]
2025-04-09 15:45:35,581 INFO: Checking student 67e8eafebab1195884f3d3e6 (OMM) with 1 encodings [in E:\face-recognition-attendance-system\face-recognition\face_recognition_server.py:243]
2025-04-09 15:45:35,582 INFO: Distance to 67e8eafebab1195884f3d3e6: 0.6675715007230232 [in E:\face-recognition-attendance-system\face-recognition\face_recognition_server.py:248]
2025-04-09 15:45:35,584 INFO: Checking student 67e8eb55bab1195884f3d40c (Shiv ) with 1 encodings [in E:\face-recognition-attendance-system\face-recognition\face_recognition_server.py:243]
2025-04-09 15:45:35,585 INFO: Distance to 67e8eb55bab1195884f3d40c: 0.6922131266852489 [in E:\face-recognition-attendance-system\face-recognition\face_recognition_server.py:248]
2025-04-09 15:45:35,592 INFO: Checking student 67e9a478f8e964c7d58af123 (SURAJ MOHANTY) with 1 encodings [in E:\face-recognition-attendance-system\face-recognition\face_recognition_server.py:243]
2025-04-09 15:45:35,593 INFO: Distance to 67e9a478f8e964c7d58af123: 0.5968958778081466 [in E:\face-recognition-attendance-system\face-recognition\face_recognition_server.py:248]
2025-04-09 15:45:35,594 INFO: Checking student 67f6467db0603cd7abe0418d (ananyaSA) with 1 encodings [in E:\face-recognition-attendance-system\face-recognition\face_recognition_server.py:243]
2025-04-09 15:45:35,596 INFO: Distance to 67f6467db0603cd7abe0418d: 0.5286746348790823 [in E:\face-recognition-attendance-system\face-recognition\face_recognition_server.py:248]
2025-04-09 15:45:35,597 INFO: Checking student 67f646adb0603cd7abe04195 (subhashree) with 1 encodings [in E:\face-recognition-attendance-system\face-recognition\face_recognition_server.py:243]
2025-04-09 15:45:35,600 INFO: Distance to 67f646adb0603cd7abe04195: 0.5810837275128833 [in E:\face-recognition-attendance-system\face-recognition\face_recognition_server.py:248]
2025-04-09 15:45:35,601 INFO: Checking student 67f64894b0603cd7abe041f8 (swatilagas) with 1 encodings [in E:\face-recognition-attendance-system\face-recognition\face_recognition_server.py:243]
2025-04-09 15:45:35,602 INFO: Distance to 67f64894b0603cd7abe041f8: 0.3491603845354437 [in E:\face-recognition-attendance-system\face-recognition\face_recognition_server.py:248]
2025-04-09 15:45:35,609 INFO: Removed temporary image: uploads\temp\temp_1744193732.jpg [in E:\face-recognition-attendance-system\face-recognition\face_recognition_server.py:262]
2025-04-09 15:45:35,610 INFO: Face recognized as swatilagas with confidence 0.6508396154645564 [in E:\face-recognition-attendance-system\face-recognition\face_recognition_server.py:265]
